  Graph.cpp
C:\Users\Acer\Desktop\Задача коммивояжера\Graph.cpp(29,21): warning C4018: <=: несоответствие типов со знаком и без знака
C:\Users\Acer\Desktop\Задача коммивояжера\Graph.cpp(33,21): warning C4018: <: несоответствие типов со знаком и без знака
C:\Users\Acer\Desktop\Задача коммивояжера\Graph.cpp(35,22): warning C4018: <: несоответствие типов со знаком и без знака
C:\Users\Acer\Desktop\Задача коммивояжера\Graph.cpp(44,20): warning C4018: <: несоответствие типов со знаком и без знака
C:\Users\Acer\Desktop\Задача коммивояжера\Graph.cpp(46,21): warning C4018: <: несоответствие типов со знаком и без знака
C:\Users\Acer\Desktop\Задача коммивояжера\Graph.cpp(52,22): warning C4018: <: несоответствие типов со знаком и без знака
C:\Users\Acer\Desktop\Задача коммивояжера\Graph.cpp(61,20): warning C4018: <: несоответствие типов со знаком и без знака
C:\Users\Acer\Desktop\Задача коммивояжера\Graph.cpp(63,21): warning C4018: <: несоответствие типов со знаком и без знака
C:\Users\Acer\Desktop\Задача коммивояжера\Graph.cpp(69,22): warning C4018: <: несоответствие типов со знаком и без знака
C:\Users\Acer\Desktop\Задача коммивояжера\Graph.cpp(84,20): warning C4018: <: несоответствие типов со знаком и без знака
C:\Users\Acer\Desktop\Задача коммивояжера\Graph.cpp(94,20): warning C4018: <: несоответствие типов со знаком и без знака
C:\Users\Acer\Desktop\Задача коммивояжера\Graph.cpp(105,20): warning C4018: <: несоответствие типов со знаком и без знака
C:\Users\Acer\Desktop\Задача коммивояжера\Graph.cpp(106,21): warning C4018: <: несоответствие типов со знаком и без знака
C:\Users\Acer\Desktop\Задача коммивояжера\Graph.cpp(118,20): warning C4018: <: несоответствие типов со знаком и без знака
C:\Users\Acer\Desktop\Задача коммивояжера\Graph.cpp(153,15): warning C4018: <: несоответствие типов со знаком и без знака
C:\Users\Acer\Desktop\Задача коммивояжера\Graph.cpp(154,21): warning C4018: <: несоответствие типов со знаком и без знака
C:\Users\Acer\Desktop\Задача коммивояжера\Graph.cpp(172,15): warning C4018: <: несоответствие типов со знаком и без знака
C:\Users\Acer\Desktop\Задача коммивояжера\Graph.cpp(173,21): warning C4018: <: несоответствие типов со знаком и без знака
C:\Users\Acer\Desktop\Задача коммивояжера\Graph.cpp(200,20): warning C4018: <: несоответствие типов со знаком и без знака
C:\Users\Acer\Desktop\Задача коммивояжера\Graph.cpp(201,21): warning C4018: <: несоответствие типов со знаком и без знака
  Задача коммивояжера.cpp
  Создание кода...
  Задача коммивояжера.vcxproj -> C:\Users\Acer\Desktop\Задача коммивояжера\Debug\Задача коммивояжера.exe
